Reading directory: /home/scidb/Downloads/thumbs1000/
File Count: 1000
Setting Thread Count to 1
Using 1 thread(s) to compute average
Weighted Sum Time: 0.058263 seconds
Scalar Division Time: 0.000033 seconds
Reading directory: /home/scidb/Downloads/thumbs1000/
File Count: 1000
Setting Thread Count to 2
Using 2 thread(s) to compute average
Weighted Sum Time: 0.061381 seconds
Scalar Division Time: 0.000025 seconds
Reading directory: /home/scidb/Downloads/thumbs1000/
File Count: 1000
Setting Thread Count to 4
Using 4 thread(s) to compute average
Weighted Sum Time: 0.085587 seconds
Scalar Division Time: 0.000028 seconds
Reading directory: /home/scidb/Downloads/thumbs1000/
File Count: 1000
Setting Thread Count to 8
Using 8 thread(s) to compute average
Weighted Sum Time: 1.435069 seconds
Scalar Division Time: 0.000028 seconds
